<?xml version="1.0" encoding="UTF-8"?><testsuites><testsuite name="testmojo user tests" tests="1" failures="0" time="0.009"><testcase name="test mojit" time="0.002"></testcase></testsuite><testsuite name="testmojo-model user tests" tests="1" failures="0" time="0.003"><testcase name="test mojit model" time="0"></testcase></testsuite><testsuite name="testmojit user tests" tests="1" failures="0" time="0.004"><testcase name="test mojit" time="0"></testcase></testsuite><testsuite name="testmojit-model user tests" tests="1" failures="0" time="0.004"><testcase name="test mojit model" time="0.001"></testcase></testsuite></testsuites>